This is pdfTeX, Version 3.14159265-2.6-1.40.16 (MiKTeX 2.9) (preloaded format=pdflatex 2016.4.28)  10 JUN 2016 14:43
entering extended mode
**./master.tex
(master.tex
LaTeX2e <2015/10/01> patch level 2
Babel <3.9n> and hyphenation patterns for 69 languages loaded.
(scu-thesis.cls
Document Class: scu-thesis 2013/10/01 SCU Thesis class
("C:\Users\Wesley\AppData\Local\Programs\MiKTeX 2.9\tex\latex\base\report.cls"
Document Class: report 2014/09/29 v1.4h Standard LaTeX document class
("C:\Users\Wesley\AppData\Local\Programs\MiKTeX 2.9\tex\latex\base\size10.clo"
File: size10.clo 2014/09/29 v1.4h Standard LaTeX file (size option)
)
\c@part=\count79
\c@chapter=\count80
\c@section=\count81
\c@subsection=\count82
\c@subsubsection=\count83
\c@paragraph=\count84
\c@subparagraph=\count85
\c@figure=\count86
\c@table=\count87
\abovecaptionskip=\skip41
\belowcaptionskip=\skip42
\bibindent=\dimen102
)
("C:\Users\Wesley\AppData\Local\Programs\MiKTeX 2.9\tex\latex\setspace\setspace
.sty"
Package: setspace 2011/12/19 v6.7a set line spacing
)
\@margintop=\skip43
\@marginbottom=\skip44
\@marginleft=\skip45
\@marginright=\skip46
\@bindingoffset=\skip47
\c@@authorcount=\count88
\c@@degreecount=\count89
\c@@departmentcount=\count90
\c@@itemcount=\count91
)
("C:\Users\Wesley\AppData\Local\Programs\MiKTeX 2.9\tex\latex\graphics\graphicx
.sty"
Package: graphicx 2014/10/28 v1.0g Enhanced LaTeX Graphics (DPC,SPQR)

("C:\Users\Wesley\AppData\Local\Programs\MiKTeX 2.9\tex\latex\graphics\keyval.s
ty"
Package: keyval 2014/10/28 v1.15 key=value parser (DPC)
\KV@toks@=\toks14
)
("C:\Users\Wesley\AppData\Local\Programs\MiKTeX 2.9\tex\latex\graphics\graphics
.sty"
Package: graphics 2014/10/28 v1.0p Standard LaTeX Graphics (DPC,SPQR)

("C:\Users\Wesley\AppData\Local\Programs\MiKTeX 2.9\tex\latex\graphics\trig.sty
"
Package: trig 1999/03/16 v1.09 sin cos tan (DPC)
)
("C:\Users\Wesley\AppData\Local\Programs\MiKTeX 2.9\tex\latex\00miktex\graphics
.cfg"
File: graphics.cfg 2007/01/18 v1.5 graphics configuration of teTeX/TeXLive
)
Package graphics Info: Driver file: pdftex.def on input line 94.

("C:\Users\Wesley\AppData\Local\Programs\MiKTeX 2.9\tex\latex\pdftex-def\pdftex
.def"
File: pdftex.def 2011/05/27 v0.06d Graphics/color for pdfTeX

("C:\Users\Wesley\AppData\Local\Programs\MiKTeX 2.9\tex\generic\oberdiek\infwar
err.sty"
Package: infwarerr 2010/04/08 v1.3 Providing info/warning/error messages (HO)
)
("C:\Users\Wesley\AppData\Local\Programs\MiKTeX 2.9\tex\generic\oberdiek\ltxcmd
s.sty"
Package: ltxcmds 2011/11/09 v1.22 LaTeX kernel commands for general use (HO)
)
\Gread@gobject=\count92
))
\Gin@req@height=\dimen103
\Gin@req@width=\dimen104
)
("C:\Users\Wesley\AppData\Local\Programs\MiKTeX 2.9\tex\latex\appendix\appendix
.sty"
Package: appendix 2009/09/02 v1.2b extra appendix facilities
\c@@pps=\count93
\c@@ppsavesec=\count94
\c@@ppsaveapp=\count95
) (master.aux (abstract.aux) (acknowledgments.aux) (introduction.aux)
(requirements.aux) (use_cases.aux) (activity_diagram.aux)
(design_implementation.aux) (technologies_used.aux) (architectural_design.aux)
(design_rationale.aux) (testing.aux) (lessons_learned.aux) (ethics.aux)
(conclusion.aux) (appendix.aux))
\openout1 = `master.aux'.

LaTeX Font Info:    Checking defaults for OML/cmm/m/it on input line 26.
LaTeX Font Info:    ... okay on input line 26.
LaTeX Font Info:    Checking defaults for T1/cmr/m/n on input line 26.
LaTeX Font Info:    ... okay on input line 26.
LaTeX Font Info:    Checking defaults for OT1/cmr/m/n on input line 26.
LaTeX Font Info:    ... okay on input line 26.
LaTeX Font Info:    Checking defaults for OMS/cmsy/m/n on input line 26.
LaTeX Font Info:    ... okay on input line 26.
LaTeX Font Info:    Checking defaults for OMX/cmex/m/n on input line 26.
LaTeX Font Info:    ... okay on input line 26.
LaTeX Font Info:    Checking defaults for U/cmr/m/n on input line 26.
LaTeX Font Info:    ... okay on input line 26.

("C:\Users\Wesley\AppData\Local\Programs\MiKTeX 2.9\tex\context\base\supp-pdf.m
kii"
[Loading MPS to PDF converter (version 2006.09.02).]
\scratchcounter=\count96
\scratchdimen=\dimen105
\scratchbox=\box26
\nofMPsegments=\count97
\nofMParguments=\count98
\everyMPshowfont=\toks15
\MPscratchCnt=\count99
\MPscratchDim=\dimen106
\MPnumerator=\count100
\makeMPintoPDFobject=\count101
\everyMPtoPDFconversion=\toks16
)
LaTeX Font Info:    External font `cmex10' loaded for size
(Font)              <7> on input line 27.
LaTeX Font Info:    External font `cmex10' loaded for size
(Font)              <5> on input line 27.
 [1


{C:/Users/Wesley/AppData/Local/MiKTeX/2.9/pdftex/config/pdftex.map}]
[2]
\openout2 = `abstract.aux'.

 (abstract.tex [3

])
\openout2 = `acknowledgments.aux'.

 (acknowledgments.tex) [4



] (master.toc [5


])
\tf@toc=\write3
\openout3 = `master.toc'.

 [6]
(master.lof)
\tf@lof=\write4
\openout4 = `master.lof'.

 [7

]
\openout2 = `introduction.aux'.

 (introduction.tex
Chapter 1.
[1



]
Missing character: There is no ‚ in font cmr10!
Missing character: There is no Ä in font cmr10!
Missing character: There is no ú in font cmr10!
Missing character: There is no ‚ in font cmr10!
Missing character: There is no Ä in font cmr10!
Missing character: There is no ù in font cmr10!
) [2]
\openout2 = `requirements.aux'.

 (requirements.tex
Chapter 2.
LaTeX Font Info:    Try loading font information for OMS+cmr on input line 7.
("C:\Users\Wesley\AppData\Local\Programs\MiKTeX 2.9\tex\latex\base\omscmr.fd"
File: omscmr.fd 2014/09/29 v2.5h Standard LaTeX font definitions
)
LaTeX Font Info:    Font shape `OMS/cmr/m/n' in size <10> not available
(Font)              Font shape `OMS/cmsy/m/n' tried instead on input line 7.

[3



]) [4]
\openout2 = `use_cases.aux'.

 (use_cases.tex
Chapter 3.
<images/use_cases.png, id=40, 474.77374pt x 304.13625pt>
File: images/use_cases.png Graphic file (type png)

<use images/use_cases.png>
Package pdftex.def Info: images/use_cases.png used on input line 6.
(pdftex.def)             Requested size: 469.75502pt x 300.93338pt.
 [5



 <./images/use_cases.png>]) [6]
\openout2 = `activity_diagram.aux'.


(activity_diagram.tex
Chapter 4.
<images/activity_diagram.png, id=50, 519.9425pt x 1050.92625pt>
File: images/activity_diagram.png Graphic file (type png)

<use images/activity_diagram.png>
Package pdftex.def Info: images/activity_diagram.png used on input line 6.
(pdftex.def)             Requested size: 259.97061pt x 525.46185pt.


LaTeX Warning: `h' float specifier changed to `ht'.

) [7



] [8 <./images/activity_diagram.png>]
\openout2 = `design_implementation.aux'.

 (design_implementation.tex
Chapter 5.
Missing character: There is no ‚ in font cmr10!
Missing character: There is no Ä in font cmr10!
Missing character: There is no ô in font cmr10!
<images/login_screen.png, id=58, 401.5pt x 676.5275pt>
File: images/login_screen.png Graphic file (type png)

<use images/login_screen.png>
Package pdftex.def Info: images/login_screen.png used on input line 6.
(pdftex.def)             Requested size: 160.59715pt x 270.6062pt.

<images/home_screen.png, id=59, 400.49625pt x 672.5125pt>
File: images/home_screen.png Graphic file (type png)

<use images/home_screen.png>
Package pdftex.def Info: images/home_screen.png used on input line 13.
(pdftex.def)             Requested size: 160.19566pt x 269.00023pt.


LaTeX Warning: `h' float specifier changed to `ht'.

<images/sidebar.png, id=60, 301.125pt x 528.47438pt>
File: images/sidebar.png Graphic file (type png)
 <use images/sidebar.png>
Package pdftex.def Info: images/sidebar.png used on input line 20.
(pdftex.def)             Requested size: 150.56212pt x 264.23654pt.


LaTeX Warning: `h' float specifier changed to `ht'.

<images/group_pic.png, id=61, 286.82156pt x 476.53032pt>
File: images/group_pic.png Graphic file (type png)

<use images/group_pic.png>
Package pdftex.def Info: images/group_pic.png used on input line 27.
(pdftex.def)             Requested size: 172.09425pt x 285.9204pt.


LaTeX Warning: `h' float specifier changed to `ht'.

) [9



 <./images/login_screen.png>] [10 <./images/home_screen.png> <./images/sidebar.
png>] [11 <./images/group_pic.png>]
\openout2 = `technologies_used.aux'.

 (technologies_used.tex
Chapter 6.
) [12



]
\openout2 = `architectural_design.aux'.

 (architectural_design.tex
Chapter 7.
<images/architectural_design.png, id=76, 595.22375pt x 293.095pt>
File: images/architectural_design.png Graphic file (type png)

<use images/architectural_design.png>
Package pdftex.def Info: images/architectural_design.png used on input line 6.
(pdftex.def)             Requested size: 469.75502pt x 231.30994pt.
) [13



 <./images/architectural_design.png>]
\openout2 = `design_rationale.aux'.

(design_rationale.tex
Chapter 8.
Missing character: There is no ‚ in font cmr10!
Missing character: There is no Ä in font cmr10!
Missing character: There is no ô in font cmr10!
) [14



]
\openout2 = `testing.aux'.

 (testing.tex
Chapter 9.
Missing character: There is no ‚ in font cmr10!
Missing character: There is no Ä in font cmr10!
Missing character: There is no ô in font cmr10!
) [15



]
\openout2 = `lessons_learned.aux'.

 (lessons_learned.tex
Chapter 10.
) [16



]
\openout2 = `ethics.aux'.

 (ethics.tex
Chapter 11.
<images/ethics_table.png, id=90, 473.51906pt x 316.18124pt>
File: images/ethics_table.png Graphic file (type png)

<use images/ethics_table.png>
Package pdftex.def Info: images/ethics_table.png used on input line 10.
(pdftex.def)             Requested size: 355.13841pt x 237.13535pt.
 [17



 <./images/ethics_table.png>]) [18]
\openout2 = `conclusion.aux'.


(conclusion.tex
Chapter 12.
) [19



] (master.bbl
! Misplaced alignment tab character &.
l.8 \newblock {\em Computing &
                               Information Systems}, pages 27--35, 2011.
I can't figure out why you would want to use a tab mark
here. If you just want an ampersand, the remedy is
simple: Just type `I\&' now. But if some right brace
up above has ended a previous alignment prematurely,
you're probably due for more error messages, and you
might try typing `S' now just to see what is salvageable.

) [20


] [21

] <images/risk_analysis.png, id=109, 605.26125pt x 441.65pt>
File: images/risk_analysis.png Graphic file (type png)

<use images/risk_analysis.png>
Package pdftex.def Info: images/risk_analysis.png used on input line 60.
(pdftex.def)             Requested size: 469.75502pt x 342.7739pt.
 [22 <./images/risk_analysis.png>]
Missing character: There is no ‚ in font cmr10!
Missing character: There is no Ä in font cmr10!
Missing character: There is no ô in font cmr10!
Missing character: There is no ‚ in font cmr10!
Missing character: There is no Ä in font cmr10!
Missing character: There is no ô in font cmr10!

<images/timeline.png, id=114, 691.58376pt x 190.7125pt>
File: images/timeline.png Graphic file (type png)

<use images/timeline.png>
Package pdftex.def Info: images/timeline.png used on input line 73.
(pdftex.def)             Requested size: 469.75502pt x 129.54309pt.
 [23

 <./images/timeline.png>] (master.aux
(abstract.aux) (acknowledgments.aux) (introduction.aux) (requirements.aux)
(use_cases.aux) (activity_diagram.aux) (design_implementation.aux)
(technologies_used.aux) (architectural_design.aux) (design_rationale.aux)
(testing.aux) (lessons_learned.aux) (ethics.aux) (conclusion.aux)) ) 
Here is how much of TeX's memory you used:
 1513 strings out of 493634
 21585 string characters out of 3134831
 82337 words of memory out of 3000000
 4817 multiletter control sequences out of 15000+200000
 6716 words of font info for 24 fonts, out of 3000000 for 9000
 1025 hyphenation exceptions out of 8191
 29i,6n,21p,959b,250s stack positions out of 5000i,500n,10000p,200000b,50000s
<C:/Users/W
esley/AppData/Local/Programs/MiKTeX 2.9/fonts/type1/public/amsfonts/cm/cmbx10.p
fb><C:/Users/Wesley/AppData/Local/Programs/MiKTeX 2.9/fonts/type1/public/amsfon
ts/cm/cmbx12.pfb><C:/Users/Wesley/AppData/Local/Programs/MiKTeX 2.9/fonts/type1
/public/amsfonts/cm/cmr10.pfb><C:/Users/Wesley/AppData/Local/Programs/MiKTeX 2.
9/fonts/type1/public/amsfonts/cm/cmsy10.pfb><C:/Users/Wesley/AppData/Local/Prog
rams/MiKTeX 2.9/fonts/type1/public/amsfonts/cm/cmti10.pfb>
Output written on master.pdf (30 pages, 222657 bytes).
PDF statistics:
 136 PDF objects out of 1000 (max. 8388607)
 0 named destinations out of 1000 (max. 500000)
 51 words of extra memory for PDF output out of 10000 (max. 10000000)

